<?xml version="1.0" encoding="UTF-8"?>
<!-- Generated by org.testng.reporters.JUnitXMLReporter -->
<testsuite hostname="G4XCQHG3E" ignored="6" name="Default test" tests="1" failures="0" timestamp="16 Aug 2022 02:17:59 GMT" time="3.289" errors="0">
  <testcase name="getSinglePlaylist" time="3.206" classname="com.spotify.oauth2.test.PlaylistTests"/>
  <testcase name="notAbleToCreatePlaylistUsingExpiredAccessToken" time="0.0" classname="com.spotify.oauth2.test.PlaylistTests">
    <ignored/>
  </testcase> <!-- notAbleToCreatePlaylistUsingExpiredAccessToken -->
  <testcase name="updateSinglePlaylistDetail" time="0.0" classname="com.spotify.oauth2.test.PlaylistTests">
    <ignored/>
  </testcase> <!-- updateSinglePlaylistDetail -->
  <testcase name="createPlaylist" time="0.0" classname="com.spotify.oauth2.test.PlaylistTests">
    <ignored/>
  </testcase> <!-- createPlaylist -->
  <testcase name="notAbleToCreatePlaylistWithEmptyName" time="0.0" classname="com.spotify.oauth2.test.PlaylistTests">
    <ignored/>
  </testcase> <!-- notAbleToCreatePlaylistWithEmptyName -->
  <testcase name="notAbleToCreatePlaylistUsingInvalidAccessToken" time="0.0" classname="com.spotify.oauth2.test.PlaylistTests">
    <ignored/>
  </testcase> <!-- notAbleToCreatePlaylistUsingInvalidAccessToken -->
  <testcase name="getSingleUserAllPlaylist" time="0.0" classname="com.spotify.oauth2.test.PlaylistTests">
    <ignored/>
  </testcase> <!-- getSingleUserAllPlaylist -->
</testsuite> <!-- Default test -->
