<?xml version="1.0" encoding="UTF-8"?>
<testng-results skipped="0" failed="0" ignored="6" total="7" passed="1">
  <reporter-output>
  </reporter-output>
  <suite name="Default suite" duration-ms="3289" started-at="2022-08-16T02:17:56Z" finished-at="2022-08-16T02:17:59Z">
    <groups>
    </groups>
    <test name="Default test" duration-ms="3289" started-at="2022-08-16T02:17:56Z" finished-at="2022-08-16T02:17:59Z">
      <class name="com.spotify.oauth2.test.PlaylistTests">
        <test-method status="PASS" signature="getSinglePlaylist()[pri:0, instance:com.spotify.oauth2.test.PlaylistTests@13c10b87]" name="getSinglePlaylist" duration-ms="3206" started-at="2022-08-16T07:47:56Z" description="Get a Single playlist detail" finished-at="2022-08-16T07:47:59Z">
          <reporter-output>
          </reporter-output>
        </test-method> <!-- getSinglePlaylist -->
      </class> <!-- com.spotify.oauth2.test.PlaylistTests -->
    </test> <!-- Default test -->
  </suite> <!-- Default suite -->
</testng-results>
